[nltk_data] Downloading package wordnet to /home/hs20307/nltk_data...
[nltk_data]   Package wordnet is already up-to-date!
WARNING:gensim.models.ldamodel:too few updates, training might not converge; consider increasing the number of passes or iterations to improve accuracy
WARNING:gensim.models.ldamodel:too few updates, training might not converge; consider increasing the number of passes or iterations to improve accuracy
WARNING:gensim.models.ldamodel:too few updates, training might not converge; consider increasing the number of passes or iterations to improve accuracy
WARNING:gensim.models.ldamodel:too few updates, training might not converge; consider increasing the number of passes or iterations to improve accuracy
WARNING:gensim.models.ldamodel:too few updates, training might not converge; consider increasing the number of passes or iterations to improve accuracy
WARNING:gensim.models.ldamodel:too few updates, training might not converge; consider increasing the number of passes or iterations to improve accuracy
WARNING:gensim.models.hdpmodel:likelihood is decreasing!
/home/hs20307/.conda/envs/news_tls/lib/python3.8/site-packages/sklearn/cluster/_affinity_propagation.py:246: ConvergenceWarning: Affinity propagation did not converge, this model will not have any cluster centers.
  warnings.warn("Affinity propagation did not converge, this model "
WARNING:gensim.models.ldamodel:too few updates, training might not converge; consider increasing the number of passes or iterations to improve accuracy
WARNING:gensim.models.ldamodel:too few updates, training might not converge; consider increasing the number of passes or iterations to improve accuracy
WARNING:gensim.models.ldamodel:too few updates, training might not converge; consider increasing the number of passes or iterations to improve accuracy
/home/hs20307/.conda/envs/news_tls/lib/python3.8/site-packages/sklearn/cluster/_affinity_propagation.py:246: ConvergenceWarning: Affinity propagation did not converge, this model will not have any cluster centers.
  warnings.warn("Affinity propagation did not converge, this model "
WARNING:gensim.models.ldamodel:too few updates, training might not converge; consider increasing the number of passes or iterations to improve accuracy
/home/hs20307/.conda/envs/news_tls/lib/python3.8/site-packages/sklearn/cluster/_affinity_propagation.py:246: ConvergenceWarning: Affinity propagation did not converge, this model will not have any cluster centers.
  warnings.warn("Affinity propagation did not converge, this model "
WARNING:gensim.models.ldamodel:too few updates, training might not converge; consider increasing the number of passes or iterations to improve accuracy
WARNING:gensim.models.ldamodel:too few updates, training might not converge; consider increasing the number of passes or iterations to improve accuracy
WARNING:gensim.models.ldamodel:too few updates, training might not converge; consider increasing the number of passes or iterations to improve accuracy
WARNING:gensim.models.ldamodel:too few updates, training might not converge; consider increasing the number of passes or iterations to improve accuracy
WARNING:gensim.models.ldamodel:too few updates, training might not converge; consider increasing the number of passes or iterations to improve accuracy
WARNING:gensim.models.ldamodel:too few updates, training might not converge; consider increasing the number of passes or iterations to improve accuracy
WARNING:gensim.models.ldamodel:too few updates, training might not converge; consider increasing the number of passes or iterations to improve accuracy
WARNING:gensim.models.ldamodel:too few updates, training might not converge; consider increasing the number of passes or iterations to improve accuracy
