ModuleCmd_Load.c(200):ERROR:105: Unable to locate a modulefile for 'vim-8.0'
+ cd /home/fs02/pmr82_0001/bct52/shared_distributed_parallelization
+ export TASKS_PER_NODE=2
+ TASKS_PER_NODE=2
+ uniq /var/spool/torque/aux//461257.thecube.cac.cornell.edu
+ awk -v TASKS_PER_NODE=2 '{for(i=0;i<TASKS_PER_NODE;i+=1) print}'
+ mpiexec --hostfile nodefile -n 4 -x OMP_NUM_THREADS python hybrid_pure_python.py
--------------------------------------------------------------------------
An MPI process has executed an operation involving a call to the
"fork()" system call to create a child process.  Open MPI is currently
operating in a condition that could result in memory corruption or
other system errors; your MPI job may hang, crash, or produce silent
data corruption.  The use of fork() (or system() or other calls that
create child processes) is strongly discouraged.  

The process that invoked fork was:

  Local host:          compute-2-16.thecube (PID 36563)
  MPI_COMM_WORLD rank: 0

If you are *absolutely sure* that your application will successfully
and correctly survive a call to fork(), you may disable this warning
by setting the mpi_warn_on_fork MCA parameter to 0.
--------------------------------------------------------------------------
[compute-2-16.thecube:36562] 3 more processes have sent help message help-mpi-runtime.txt / mpi_init:warn-fork
[compute-2-16.thecube:36562] Set MCA parameter "orte_base_help_aggregate" to 0 to see all help / error messages
